[0.112s] Invoking command in '/home/ben-may/ros_workspaces/qrcode_mazebot_ws/build/qrcode_mazebot_bringup': CMAKE_PREFIX_PATH=${CMAKE_PREFIX_PATH}:/home/ben-may/ros_workspaces/luqman_course_ws/install/vision_rpi_bot:/opt/ros/jazzy DEBUGINFOD_URLS=https://debuginfod.ubuntu.com /usr/bin/cmake /home/ben-may/ros_workspaces/qrcode_mazebot_ws/src/qrcode_mazebot_bringup -DCMAKE_INSTALL_PREFIX=/home/ben-may/ros_workspaces/qrcode_mazebot_ws/install/qrcode_mazebot_bringup
[0.149s] -- The C compiler identification is GNU 13.3.0
[0.180s] -- The CXX compiler identification is GNU 13.3.0
[0.190s] -- Detecting C compiler ABI info
[0.246s] -- Detecting C compiler ABI info - done
[0.254s] -- Check for working C compiler: /usr/bin/cc - skipped
[0.254s] -- Detecting C compile features
[0.254s] -- Detecting C compile features - done
[0.260s] -- Detecting CXX compiler ABI info
[0.321s] -- Detecting CXX compiler ABI info - done
[0.326s] -- Check for working CXX compiler: /usr/bin/c++ - skipped
[0.326s] -- Detecting CXX compile features
[0.326s] -- Detecting CXX compile features - done
[0.328s] -- Found ament_cmake: 2.5.4 (/opt/ros/jazzy/share/ament_cmake/cmake)
[0.426s] -- Found Python3: /usr/bin/python3 (found version "3.12.3") found components: Interpreter 
[0.539s] -- Configuring done (0.4s)
[0.540s] -- Generating done (0.0s)
[0.541s] -- Build files have been written to: /home/ben-may/ros_workspaces/qrcode_mazebot_ws/build/qrcode_mazebot_bringup
[0.544s] Invoked command in '/home/ben-may/ros_workspaces/qrcode_mazebot_ws/build/qrcode_mazebot_bringup' returned '0': CMAKE_PREFIX_PATH=${CMAKE_PREFIX_PATH}:/home/ben-may/ros_workspaces/luqman_course_ws/install/vision_rpi_bot:/opt/ros/jazzy DEBUGINFOD_URLS=https://debuginfod.ubuntu.com /usr/bin/cmake /home/ben-may/ros_workspaces/qrcode_mazebot_ws/src/qrcode_mazebot_bringup -DCMAKE_INSTALL_PREFIX=/home/ben-may/ros_workspaces/qrcode_mazebot_ws/install/qrcode_mazebot_bringup
[0.545s] Invoking command in '/home/ben-may/ros_workspaces/qrcode_mazebot_ws/build/qrcode_mazebot_bringup': CMAKE_PREFIX_PATH=${CMAKE_PREFIX_PATH}:/home/ben-may/ros_workspaces/luqman_course_ws/install/vision_rpi_bot:/opt/ros/jazzy DEBUGINFOD_URLS=https://debuginfod.ubuntu.com /usr/bin/cmake --build /home/ben-may/ros_workspaces/qrcode_mazebot_ws/build/qrcode_mazebot_bringup -- -j24 -l24
[0.571s] Invoked command in '/home/ben-may/ros_workspaces/qrcode_mazebot_ws/build/qrcode_mazebot_bringup' returned '0': CMAKE_PREFIX_PATH=${CMAKE_PREFIX_PATH}:/home/ben-may/ros_workspaces/luqman_course_ws/install/vision_rpi_bot:/opt/ros/jazzy DEBUGINFOD_URLS=https://debuginfod.ubuntu.com /usr/bin/cmake --build /home/ben-may/ros_workspaces/qrcode_mazebot_ws/build/qrcode_mazebot_bringup -- -j24 -l24
[0.571s] Invoking command in '/home/ben-may/ros_workspaces/qrcode_mazebot_ws/build/qrcode_mazebot_bringup': CMAKE_PREFIX_PATH=${CMAKE_PREFIX_PATH}:/home/ben-may/ros_workspaces/luqman_course_ws/install/vision_rpi_bot:/opt/ros/jazzy DEBUGINFOD_URLS=https://debuginfod.ubuntu.com /usr/bin/cmake --install /home/ben-may/ros_workspaces/qrcode_mazebot_ws/build/qrcode_mazebot_bringup
[0.576s] -- Install configuration: ""
[0.576s] -- Installing: /home/ben-may/ros_workspaces/qrcode_mazebot_ws/install/qrcode_mazebot_bringup/share/qrcode_mazebot_bringup//launch
[0.576s] -- Installing: /home/ben-may/ros_workspaces/qrcode_mazebot_ws/install/qrcode_mazebot_bringup/share/qrcode_mazebot_bringup//launch/mazebot_bringup_v2.launch.py
[0.576s] -- Installing: /home/ben-may/ros_workspaces/qrcode_mazebot_ws/install/qrcode_mazebot_bringup/share/qrcode_mazebot_bringup//launch/mazebot_bringup_v1.launch.py
[0.576s] -- Installing: /home/ben-may/ros_workspaces/qrcode_mazebot_ws/install/qrcode_mazebot_bringup/share/ament_index/resource_index/package_run_dependencies/qrcode_mazebot_bringup
[0.576s] -- Installing: /home/ben-may/ros_workspaces/qrcode_mazebot_ws/install/qrcode_mazebot_bringup/share/ament_index/resource_index/parent_prefix_path/qrcode_mazebot_bringup
[0.576s] -- Installing: /home/ben-may/ros_workspaces/qrcode_mazebot_ws/install/qrcode_mazebot_bringup/share/qrcode_mazebot_bringup/environment/ament_prefix_path.sh
[0.576s] -- Installing: /home/ben-may/ros_workspaces/qrcode_mazebot_ws/install/qrcode_mazebot_bringup/share/qrcode_mazebot_bringup/environment/ament_prefix_path.dsv
[0.576s] -- Installing: /home/ben-may/ros_workspaces/qrcode_mazebot_ws/install/qrcode_mazebot_bringup/share/qrcode_mazebot_bringup/environment/path.sh
[0.576s] -- Installing: /home/ben-may/ros_workspaces/qrcode_mazebot_ws/install/qrcode_mazebot_bringup/share/qrcode_mazebot_bringup/environment/path.dsv
[0.577s] -- Installing: /home/ben-may/ros_workspaces/qrcode_mazebot_ws/install/qrcode_mazebot_bringup/share/qrcode_mazebot_bringup/local_setup.bash
[0.577s] -- Installing: /home/ben-may/ros_workspaces/qrcode_mazebot_ws/install/qrcode_mazebot_bringup/share/qrcode_mazebot_bringup/local_setup.sh
[0.577s] -- Installing: /home/ben-may/ros_workspaces/qrcode_mazebot_ws/install/qrcode_mazebot_bringup/share/qrcode_mazebot_bringup/local_setup.zsh
[0.577s] -- Installing: /home/ben-may/ros_workspaces/qrcode_mazebot_ws/install/qrcode_mazebot_bringup/share/qrcode_mazebot_bringup/local_setup.dsv
[0.577s] -- Installing: /home/ben-may/ros_workspaces/qrcode_mazebot_ws/install/qrcode_mazebot_bringup/share/qrcode_mazebot_bringup/package.dsv
[0.577s] -- Installing: /home/ben-may/ros_workspaces/qrcode_mazebot_ws/install/qrcode_mazebot_bringup/share/ament_index/resource_index/packages/qrcode_mazebot_bringup
[0.577s] -- Installing: /home/ben-may/ros_workspaces/qrcode_mazebot_ws/install/qrcode_mazebot_bringup/share/qrcode_mazebot_bringup/cmake/qrcode_mazebot_bringupConfig.cmake
[0.577s] -- Installing: /home/ben-may/ros_workspaces/qrcode_mazebot_ws/install/qrcode_mazebot_bringup/share/qrcode_mazebot_bringup/cmake/qrcode_mazebot_bringupConfig-version.cmake
[0.577s] -- Installing: /home/ben-may/ros_workspaces/qrcode_mazebot_ws/install/qrcode_mazebot_bringup/share/qrcode_mazebot_bringup/package.xml
[0.578s] Invoked command in '/home/ben-may/ros_workspaces/qrcode_mazebot_ws/build/qrcode_mazebot_bringup' returned '0': CMAKE_PREFIX_PATH=${CMAKE_PREFIX_PATH}:/home/ben-may/ros_workspaces/luqman_course_ws/install/vision_rpi_bot:/opt/ros/jazzy DEBUGINFOD_URLS=https://debuginfod.ubuntu.com /usr/bin/cmake --install /home/ben-may/ros_workspaces/qrcode_mazebot_ws/build/qrcode_mazebot_bringup
