[0.050s] DEBUG:colcon:Command line arguments: ['/usr/bin/colcon', 'build']
[0.050s] DEBUG:colcon:Parsed command line arguments: Namespace(log_base=None, log_level=None, verb_name='build', build_base='build', install_base='install', merge_install=False, symlink_install=False, test_result_base=None, continue_on_error=False, executor='parallel', parallel_workers=24, event_handlers=None, ignore_user_meta=False, metas=['./colcon.meta'], base_paths=['.'], packages_ignore=None, packages_ignore_regex=None, paths=None, packages_up_to=None, packages_up_to_regex=None, packages_above=None, packages_above_and_dependencies=None, packages_above_depth=None, packages_select_by_dep=None, packages_skip_by_dep=None, packages_skip_up_to=None, packages_select_build_failed=False, packages_skip_build_finished=False, packages_select_test_failures=False, packages_skip_test_passed=False, packages_select=None, packages_skip=None, packages_select_regex=None, packages_skip_regex=None, packages_start=None, packages_end=None, allow_overriding=[], cmake_args=None, cmake_target=None, cmake_target_skip_unavailable=False, cmake_clean_cache=False, cmake_clean_first=False, cmake_force_configure=False, ament_cmake_args=None, catkin_cmake_args=None, catkin_skip_building_tests=False, mixin_files=None, mixin=None, verb_parser=<colcon_mixin.mixin.mixin_argument.MixinArgumentDecorator object at 0x78166f09cfe0>, verb_extension=<colcon_core.verb.build.BuildVerb object at 0x78166ef23da0>, main=<bound method BuildVerb.main of <colcon_core.verb.build.BuildVerb object at 0x78166ef23da0>>, mixin_verb=('build',))
[0.069s] Level 1:colcon.colcon_core.package_discovery:discover_packages(colcon_meta) check parameters
[0.069s] Level 1:colcon.colcon_core.package_discovery:discover_packages(recursive) check parameters
[0.069s] Level 1:colcon.colcon_core.package_discovery:discover_packages(ignore) check parameters
[0.069s] Level 1:colcon.colcon_core.package_discovery:discover_packages(path) check parameters
[0.069s] Level 1:colcon.colcon_core.package_discovery:discover_packages(colcon_meta) discover
[0.069s] Level 1:colcon.colcon_core.package_discovery:discover_packages(recursive) discover
[0.069s] INFO:colcon.colcon_core.package_discovery:Crawling recursively for packages in '/home/ben-may/ros_workspaces/qrcode_mazebot_ws'
[0.069s] Level 1:colcon.colcon_core.package_identification:_identify(.) by extensions ['ignore', 'ignore_ament_install']
[0.069s] Level 1:colcon.colcon_core.package_identification:_identify(.) by extension 'ignore'
[0.069s] Level 1:colcon.colcon_core.package_identification:_identify(.) by extension 'ignore_ament_install'
[0.069s] Level 1:colcon.colcon_core.package_identification:_identify(.) by extensions ['colcon_pkg']
[0.069s] Level 1:colcon.colcon_core.package_identification:_identify(.) by extension 'colcon_pkg'
[0.069s] Level 1:colcon.colcon_core.package_identification:_identify(.) by extensions ['colcon_meta']
[0.069s] Level 1:colcon.colcon_core.package_identification:_identify(.) by extension 'colcon_meta'
[0.069s] Level 1:colcon.colcon_core.package_identification:_identify(.) by extensions ['ros']
[0.069s] Level 1:colcon.colcon_core.package_identification:_identify(.) by extension 'ros'
[0.082s] Level 1:colcon.colcon_core.package_identification:_identify(.) by extensions ['cmake', 'python']
[0.082s] Level 1:colcon.colcon_core.package_identification:_identify(.) by extension 'cmake'
[0.082s] Level 1:colcon.colcon_core.package_identification:_identify(.) by extension 'python'
[0.082s] Level 1:colcon.colcon_core.package_identification:_identify(.) by extensions ['python_setup_py']
[0.082s] Level 1:colcon.colcon_core.package_identification:_identify(.) by extension 'python_setup_py'
[0.082s] Level 1:colcon.colcon_core.package_identification:_identify(build) by extensions ['ignore', 'ignore_ament_install']
[0.082s] Level 1:colcon.colcon_core.package_identification:_identify(build) by extension 'ignore'
[0.082s] Level 1:colcon.colcon_core.package_identification:_identify(build) ignored
[0.082s] Level 1:colcon.colcon_core.package_identification:_identify(install) by extensions ['ignore', 'ignore_ament_install']
[0.082s] Level 1:colcon.colcon_core.package_identification:_identify(install) by extension 'ignore'
[0.082s] Level 1:colcon.colcon_core.package_identification:_identify(install) ignored
[0.082s] Level 1:colcon.colcon_core.package_identification:_identify(log) by extensions ['ignore', 'ignore_ament_install']
[0.082s] Level 1:colcon.colcon_core.package_identification:_identify(log) by extension 'ignore'
[0.082s] Level 1:colcon.colcon_core.package_identification:_identify(log) ignored
[0.082s] Level 1:colcon.colcon_core.package_identification:_identify(src) by extensions ['ignore', 'ignore_ament_install']
[0.082s] Level 1:colcon.colcon_core.package_identification:_identify(src) by extension 'ignore'
[0.082s] Level 1:colcon.colcon_core.package_identification:_identify(src) by extension 'ignore_ament_install'
[0.082s] Level 1:colcon.colcon_core.package_identification:_identify(src) by extensions ['colcon_pkg']
[0.082s] Level 1:colcon.colcon_core.package_identification:_identify(src) by extension 'colcon_pkg'
[0.082s] Level 1:colcon.colcon_core.package_identification:_identify(src) by extensions ['colcon_meta']
[0.082s] Level 1:colcon.colcon_core.package_identification:_identify(src) by extension 'colcon_meta'
[0.083s] Level 1:colcon.colcon_core.package_identification:_identify(src) by extensions ['ros']
[0.083s] Level 1:colcon.colcon_core.package_identification:_identify(src) by extension 'ros'
[0.083s] Level 1:colcon.colcon_core.package_identification:_identify(src) by extensions ['cmake', 'python']
[0.083s] Level 1:colcon.colcon_core.package_identification:_identify(src) by extension 'cmake'
[0.083s] Level 1:colcon.colcon_core.package_identification:_identify(src) by extension 'python'
[0.083s] Level 1:colcon.colcon_core.package_identification:_identify(src) by extensions ['python_setup_py']
[0.083s] Level 1:colcon.colcon_core.package_identification:_identify(src) by extension 'python_setup_py'
[0.083s] Level 1:colcon.colcon_core.package_identification:_identify(src/qrcode_mazebot) by extensions ['ignore', 'ignore_ament_install']
[0.083s] Level 1:colcon.colcon_core.package_identification:_identify(src/qrcode_mazebot) by extension 'ignore'
[0.083s] Level 1:colcon.colcon_core.package_identification:_identify(src/qrcode_mazebot) by extension 'ignore_ament_install'
[0.083s] Level 1:colcon.colcon_core.package_identification:_identify(src/qrcode_mazebot) by extensions ['colcon_pkg']
[0.083s] Level 1:colcon.colcon_core.package_identification:_identify(src/qrcode_mazebot) by extension 'colcon_pkg'
[0.083s] Level 1:colcon.colcon_core.package_identification:_identify(src/qrcode_mazebot) by extensions ['colcon_meta']
[0.083s] Level 1:colcon.colcon_core.package_identification:_identify(src/qrcode_mazebot) by extension 'colcon_meta'
[0.083s] Level 1:colcon.colcon_core.package_identification:_identify(src/qrcode_mazebot) by extensions ['ros']
[0.083s] Level 1:colcon.colcon_core.package_identification:_identify(src/qrcode_mazebot) by extension 'ros'
[0.084s] DEBUG:colcon.colcon_core.package_identification:Package 'src/qrcode_mazebot' with type 'ros.ament_python' and name 'qrcode_mazebot'
[0.084s] Level 1:colcon.colcon_core.package_identification:_identify(src/qrcode_mazebot_bringup) by extensions ['ignore', 'ignore_ament_install']
[0.084s] Level 1:colcon.colcon_core.package_identification:_identify(src/qrcode_mazebot_bringup) by extension 'ignore'
[0.084s] Level 1:colcon.colcon_core.package_identification:_identify(src/qrcode_mazebot_bringup) by extension 'ignore_ament_install'
[0.084s] Level 1:colcon.colcon_core.package_identification:_identify(src/qrcode_mazebot_bringup) by extensions ['colcon_pkg']
[0.084s] Level 1:colcon.colcon_core.package_identification:_identify(src/qrcode_mazebot_bringup) by extension 'colcon_pkg'
[0.084s] Level 1:colcon.colcon_core.package_identification:_identify(src/qrcode_mazebot_bringup) by extensions ['colcon_meta']
[0.084s] Level 1:colcon.colcon_core.package_identification:_identify(src/qrcode_mazebot_bringup) by extension 'colcon_meta'
[0.084s] Level 1:colcon.colcon_core.package_identification:_identify(src/qrcode_mazebot_bringup) by extensions ['ros']
[0.084s] Level 1:colcon.colcon_core.package_identification:_identify(src/qrcode_mazebot_bringup) by extension 'ros'
[0.084s] DEBUG:colcon.colcon_core.package_identification:Package 'src/qrcode_mazebot_bringup' with type 'ros.ament_cmake' and name 'qrcode_mazebot_bringup'
[0.084s] Level 1:colcon.colcon_core.package_identification:_identify(src/qrcode_mazebot_description) by extensions ['ignore', 'ignore_ament_install']
[0.085s] Level 1:colcon.colcon_core.package_identification:_identify(src/qrcode_mazebot_description) by extension 'ignore'
[0.085s] Level 1:colcon.colcon_core.package_identification:_identify(src/qrcode_mazebot_description) by extension 'ignore_ament_install'
[0.085s] Level 1:colcon.colcon_core.package_identification:_identify(src/qrcode_mazebot_description) by extensions ['colcon_pkg']
[0.085s] Level 1:colcon.colcon_core.package_identification:_identify(src/qrcode_mazebot_description) by extension 'colcon_pkg'
[0.085s] Level 1:colcon.colcon_core.package_identification:_identify(src/qrcode_mazebot_description) by extensions ['colcon_meta']
[0.085s] Level 1:colcon.colcon_core.package_identification:_identify(src/qrcode_mazebot_description) by extension 'colcon_meta'
[0.085s] Level 1:colcon.colcon_core.package_identification:_identify(src/qrcode_mazebot_description) by extensions ['ros']
[0.085s] Level 1:colcon.colcon_core.package_identification:_identify(src/qrcode_mazebot_description) by extension 'ros'
[0.085s] DEBUG:colcon.colcon_core.package_identification:Package 'src/qrcode_mazebot_description' with type 'ros.ament_cmake' and name 'qrcode_mazebot_description'
[0.085s] Level 1:colcon.colcon_core.package_discovery:discover_packages(recursive) using defaults
[0.085s] Level 1:colcon.colcon_core.package_discovery:discover_packages(ignore) discover
[0.085s] Level 1:colcon.colcon_core.package_discovery:discover_packages(ignore) using defaults
[0.085s] Level 1:colcon.colcon_core.package_discovery:discover_packages(path) discover
[0.085s] Level 1:colcon.colcon_core.package_discovery:discover_packages(path) using defaults
[0.094s] Level 1:colcon.colcon_core.package_discovery:discover_packages(prefix_path) check parameters
[0.094s] Level 1:colcon.colcon_core.package_discovery:discover_packages(prefix_path) discover
[0.095s] DEBUG:colcon.colcon_installed_package_information.package_discovery:Found 3 installed packages in /home/ben-may/ros_workspaces/qrcode_mazebot_ws/install
[0.095s] DEBUG:colcon.colcon_installed_package_information.package_discovery:Found 3 installed packages in /home/ben-may/ros_workspaces/luqman_course_ws/install
[0.096s] DEBUG:colcon.colcon_installed_package_information.package_discovery:Found 3 installed packages in /home/ben-may/ros_workspaces/robot_descriptions/install
[0.096s] DEBUG:colcon.colcon_installed_package_information.package_discovery:Found 318 installed packages in /opt/ros/jazzy
[0.097s] Level 1:colcon.colcon_core.package_discovery:discover_packages(prefix_path) using defaults
[0.116s] Level 5:colcon.colcon_core.verb:set package 'qrcode_mazebot' build argument 'cmake_args' from command line to 'None'
[0.116s] Level 5:colcon.colcon_core.verb:set package 'qrcode_mazebot' build argument 'cmake_target' from command line to 'None'
[0.117s] Level 5:colcon.colcon_core.verb:set package 'qrcode_mazebot' build argument 'cmake_target_skip_unavailable' from command line to 'False'
[0.117s] Level 5:colcon.colcon_core.verb:set package 'qrcode_mazebot' build argument 'cmake_clean_cache' from command line to 'False'
[0.117s] Level 5:colcon.colcon_core.verb:set package 'qrcode_mazebot' build argument 'cmake_clean_first' from command line to 'False'
[0.117s] Level 5:colcon.colcon_core.verb:set package 'qrcode_mazebot' build argument 'cmake_force_configure' from command line to 'False'
[0.117s] Level 5:colcon.colcon_core.verb:set package 'qrcode_mazebot' build argument 'ament_cmake_args' from command line to 'None'
[0.117s] Level 5:colcon.colcon_core.verb:set package 'qrcode_mazebot' build argument 'catkin_cmake_args' from command line to 'None'
[0.117s] Level 5:colcon.colcon_core.verb:set package 'qrcode_mazebot' build argument 'catkin_skip_building_tests' from command line to 'False'
[0.117s] DEBUG:colcon.colcon_core.verb:Building package 'qrcode_mazebot' with the following arguments: {'ament_cmake_args': None, 'build_base': '/home/ben-may/ros_workspaces/qrcode_mazebot_ws/build/qrcode_mazebot', 'catkin_cmake_args': None, 'catkin_skip_building_tests': False, 'cmake_args': None, 'cmake_clean_cache': False, 'cmake_clean_first': False, 'cmake_force_configure': False, 'cmake_target': None, 'cmake_target_skip_unavailable': False, 'install_base': '/home/ben-may/ros_workspaces/qrcode_mazebot_ws/install/qrcode_mazebot', 'merge_install': False, 'path': '/home/ben-may/ros_workspaces/qrcode_mazebot_ws/src/qrcode_mazebot', 'symlink_install': False, 'test_result_base': None}
[0.117s] Level 5:colcon.colcon_core.verb:set package 'qrcode_mazebot_bringup' build argument 'cmake_args' from command line to 'None'
[0.117s] Level 5:colcon.colcon_core.verb:set package 'qrcode_mazebot_bringup' build argument 'cmake_target' from command line to 'None'
[0.117s] Level 5:colcon.colcon_core.verb:set package 'qrcode_mazebot_bringup' build argument 'cmake_target_skip_unavailable' from command line to 'False'
[0.117s] Level 5:colcon.colcon_core.verb:set package 'qrcode_mazebot_bringup' build argument 'cmake_clean_cache' from command line to 'False'
[0.117s] Level 5:colcon.colcon_core.verb:set package 'qrcode_mazebot_bringup' build argument 'cmake_clean_first' from command line to 'False'
[0.117s] Level 5:colcon.colcon_core.verb:set package 'qrcode_mazebot_bringup' build argument 'cmake_force_configure' from command line to 'False'
[0.117s] Level 5:colcon.colcon_core.verb:set package 'qrcode_mazebot_bringup' build argument 'ament_cmake_args' from command line to 'None'
[0.117s] Level 5:colcon.colcon_core.verb:set package 'qrcode_mazebot_bringup' build argument 'catkin_cmake_args' from command line to 'None'
[0.117s] Level 5:colcon.colcon_core.verb:set package 'qrcode_mazebot_bringup' build argument 'catkin_skip_building_tests' from command line to 'False'
[0.117s] DEBUG:colcon.colcon_core.verb:Building package 'qrcode_mazebot_bringup' with the following arguments: {'ament_cmake_args': None, 'build_base': '/home/ben-may/ros_workspaces/qrcode_mazebot_ws/build/qrcode_mazebot_bringup', 'catkin_cmake_args': None, 'catkin_skip_building_tests': False, 'cmake_args': None, 'cmake_clean_cache': False, 'cmake_clean_first': False, 'cmake_force_configure': False, 'cmake_target': None, 'cmake_target_skip_unavailable': False, 'install_base': '/home/ben-may/ros_workspaces/qrcode_mazebot_ws/install/qrcode_mazebot_bringup', 'merge_install': False, 'path': '/home/ben-may/ros_workspaces/qrcode_mazebot_ws/src/qrcode_mazebot_bringup', 'symlink_install': False, 'test_result_base': None}
[0.117s] Level 5:colcon.colcon_core.verb:set package 'qrcode_mazebot_description' build argument 'cmake_args' from command line to 'None'
[0.117s] Level 5:colcon.colcon_core.verb:set package 'qrcode_mazebot_description' build argument 'cmake_target' from command line to 'None'
[0.117s] Level 5:colcon.colcon_core.verb:set package 'qrcode_mazebot_description' build argument 'cmake_target_skip_unavailable' from command line to 'False'
[0.117s] Level 5:colcon.colcon_core.verb:set package 'qrcode_mazebot_description' build argument 'cmake_clean_cache' from command line to 'False'
[0.117s] Level 5:colcon.colcon_core.verb:set package 'qrcode_mazebot_description' build argument 'cmake_clean_first' from command line to 'False'
[0.117s] Level 5:colcon.colcon_core.verb:set package 'qrcode_mazebot_description' build argument 'cmake_force_configure' from command line to 'False'
[0.117s] Level 5:colcon.colcon_core.verb:set package 'qrcode_mazebot_description' build argument 'ament_cmake_args' from command line to 'None'
[0.117s] Level 5:colcon.colcon_core.verb:set package 'qrcode_mazebot_description' build argument 'catkin_cmake_args' from command line to 'None'
[0.117s] Level 5:colcon.colcon_core.verb:set package 'qrcode_mazebot_description' build argument 'catkin_skip_building_tests' from command line to 'False'
[0.117s] DEBUG:colcon.colcon_core.verb:Building package 'qrcode_mazebot_description' with the following arguments: {'ament_cmake_args': None, 'build_base': '/home/ben-may/ros_workspaces/qrcode_mazebot_ws/build/qrcode_mazebot_description', 'catkin_cmake_args': None, 'catkin_skip_building_tests': False, 'cmake_args': None, 'cmake_clean_cache': False, 'cmake_clean_first': False, 'cmake_force_configure': False, 'cmake_target': None, 'cmake_target_skip_unavailable': False, 'install_base': '/home/ben-may/ros_workspaces/qrcode_mazebot_ws/install/qrcode_mazebot_description', 'merge_install': False, 'path': '/home/ben-may/ros_workspaces/qrcode_mazebot_ws/src/qrcode_mazebot_description', 'symlink_install': False, 'test_result_base': None}
[0.117s] INFO:colcon.colcon_core.executor:Executing jobs using 'parallel' executor
[0.118s] DEBUG:colcon.colcon_parallel_executor.executor.parallel:run_until_complete
[0.118s] INFO:colcon.colcon_ros.task.ament_python.build:Building ROS package in '/home/ben-may/ros_workspaces/qrcode_mazebot_ws/src/qrcode_mazebot' with build type 'ament_python'
[0.118s] Level 1:colcon.colcon_core.shell:create_environment_hook('qrcode_mazebot', 'ament_prefix_path')
[0.119s] INFO:colcon.colcon_core.plugin_system:Skipping extension 'colcon_core.shell.bat': Not used on non-Windows systems
[0.119s] INFO:colcon.colcon_core.shell:Creating environment hook '/home/ben-may/ros_workspaces/qrcode_mazebot_ws/install/qrcode_mazebot/share/qrcode_mazebot/hook/ament_prefix_path.ps1'
[0.119s] INFO:colcon.colcon_core.shell:Creating environment descriptor '/home/ben-may/ros_workspaces/qrcode_mazebot_ws/install/qrcode_mazebot/share/qrcode_mazebot/hook/ament_prefix_path.dsv'
[0.119s] INFO:colcon.colcon_core.shell:Creating environment hook '/home/ben-may/ros_workspaces/qrcode_mazebot_ws/install/qrcode_mazebot/share/qrcode_mazebot/hook/ament_prefix_path.sh'
[0.120s] INFO:colcon.colcon_core.shell:Skip shell extension 'powershell' for command environment: Not usable outside of PowerShell
[0.120s] DEBUG:colcon.colcon_core.shell:Skip shell extension 'dsv' for command environment
[0.122s] INFO:colcon.colcon_ros.task.ament_cmake.build:Building ROS package in '/home/ben-may/ros_workspaces/qrcode_mazebot_ws/src/qrcode_mazebot_bringup' with build type 'ament_cmake'
[0.122s] INFO:colcon.colcon_cmake.task.cmake.build:Building CMake package in '/home/ben-may/ros_workspaces/qrcode_mazebot_ws/src/qrcode_mazebot_bringup'
[0.122s] INFO:colcon.colcon_core.shell:Skip shell extension 'powershell' for command environment: Not usable outside of PowerShell
[0.122s] DEBUG:colcon.colcon_core.shell:Skip shell extension 'dsv' for command environment
[0.124s] INFO:colcon.colcon_ros.task.ament_cmake.build:Building ROS package in '/home/ben-may/ros_workspaces/qrcode_mazebot_ws/src/qrcode_mazebot_description' with build type 'ament_cmake'
[0.124s] INFO:colcon.colcon_cmake.task.cmake.build:Building CMake package in '/home/ben-may/ros_workspaces/qrcode_mazebot_ws/src/qrcode_mazebot_description'
[0.124s] INFO:colcon.colcon_core.shell:Skip shell extension 'powershell' for command environment: Not usable outside of PowerShell
[0.124s] DEBUG:colcon.colcon_core.shell:Skip shell extension 'dsv' for command environment
[0.227s] INFO:colcon.colcon_core.task.python.build:Building Python package in '/home/ben-may/ros_workspaces/qrcode_mazebot_ws/src/qrcode_mazebot'
[0.227s] INFO:colcon.colcon_core.shell:Skip shell extension 'powershell' for command environment: Not usable outside of PowerShell
[0.227s] DEBUG:colcon.colcon_core.shell:Skip shell extension 'dsv' for command environment
[0.235s] DEBUG:colcon.colcon_core.event_handler.log_command:Invoking command in '/home/ben-may/ros_workspaces/qrcode_mazebot_ws/build/qrcode_mazebot_bringup': CMAKE_PREFIX_PATH=${CMAKE_PREFIX_PATH}:/home/ben-may/ros_workspaces/qrcode_mazebot_ws/install/qrcode_mazebot:/home/ben-may/ros_workspaces/luqman_course_ws/install/vision_rpi_bot:/opt/ros/jazzy DEBUGINFOD_URLS=https://debuginfod.ubuntu.com /usr/bin/cmake --build /home/ben-may/ros_workspaces/qrcode_mazebot_ws/build/qrcode_mazebot_bringup -- -j24 -l24
[0.238s] DEBUG:colcon.colcon_core.event_handler.log_command:Invoking command in '/home/ben-may/ros_workspaces/qrcode_mazebot_ws/build/qrcode_mazebot_description': CMAKE_PREFIX_PATH=${CMAKE_PREFIX_PATH}:/home/ben-may/ros_workspaces/qrcode_mazebot_ws/install/qrcode_mazebot:/home/ben-may/ros_workspaces/luqman_course_ws/install/vision_rpi_bot:/opt/ros/jazzy DEBUGINFOD_URLS=https://debuginfod.ubuntu.com /usr/bin/cmake --build /home/ben-may/ros_workspaces/qrcode_mazebot_ws/build/qrcode_mazebot_description -- -j24 -l24
[0.266s] DEBUG:colcon.colcon_core.event_handler.log_command:Invoked command in '/home/ben-may/ros_workspaces/qrcode_mazebot_ws/build/qrcode_mazebot_description' returned '0': CMAKE_PREFIX_PATH=${CMAKE_PREFIX_PATH}:/home/ben-may/ros_workspaces/qrcode_mazebot_ws/install/qrcode_mazebot:/home/ben-may/ros_workspaces/luqman_course_ws/install/vision_rpi_bot:/opt/ros/jazzy DEBUGINFOD_URLS=https://debuginfod.ubuntu.com /usr/bin/cmake --build /home/ben-may/ros_workspaces/qrcode_mazebot_ws/build/qrcode_mazebot_description -- -j24 -l24
[0.272s] DEBUG:colcon.colcon_core.event_handler.log_command:Invoking command in '/home/ben-may/ros_workspaces/qrcode_mazebot_ws/build/qrcode_mazebot_description': CMAKE_PREFIX_PATH=${CMAKE_PREFIX_PATH}:/home/ben-may/ros_workspaces/qrcode_mazebot_ws/install/qrcode_mazebot:/home/ben-may/ros_workspaces/luqman_course_ws/install/vision_rpi_bot:/opt/ros/jazzy DEBUGINFOD_URLS=https://debuginfod.ubuntu.com /usr/bin/cmake --install /home/ben-may/ros_workspaces/qrcode_mazebot_ws/build/qrcode_mazebot_description
[0.273s] DEBUG:colcon.colcon_core.event_handler.log_command:Invoked command in '/home/ben-may/ros_workspaces/qrcode_mazebot_ws/build/qrcode_mazebot_bringup' returned '0': CMAKE_PREFIX_PATH=${CMAKE_PREFIX_PATH}:/home/ben-may/ros_workspaces/qrcode_mazebot_ws/install/qrcode_mazebot:/home/ben-may/ros_workspaces/luqman_course_ws/install/vision_rpi_bot:/opt/ros/jazzy DEBUGINFOD_URLS=https://debuginfod.ubuntu.com /usr/bin/cmake --build /home/ben-may/ros_workspaces/qrcode_mazebot_ws/build/qrcode_mazebot_bringup -- -j24 -l24
[0.273s] DEBUG:colcon.colcon_core.event_handler.log_command:Invoking command in '/home/ben-may/ros_workspaces/qrcode_mazebot_ws/build/qrcode_mazebot_bringup': CMAKE_PREFIX_PATH=${CMAKE_PREFIX_PATH}:/home/ben-may/ros_workspaces/qrcode_mazebot_ws/install/qrcode_mazebot:/home/ben-may/ros_workspaces/luqman_course_ws/install/vision_rpi_bot:/opt/ros/jazzy DEBUGINFOD_URLS=https://debuginfod.ubuntu.com /usr/bin/cmake --install /home/ben-may/ros_workspaces/qrcode_mazebot_ws/build/qrcode_mazebot_bringup
[0.280s] Level 1:colcon.colcon_core.environment:create_environment_scripts_only(qrcode_mazebot_description)
[0.280s] DEBUG:colcon.colcon_core.event_handler.log_command:Invoked command in '/home/ben-may/ros_workspaces/qrcode_mazebot_ws/build/qrcode_mazebot_description' returned '0': CMAKE_PREFIX_PATH=${CMAKE_PREFIX_PATH}:/home/ben-may/ros_workspaces/qrcode_mazebot_ws/install/qrcode_mazebot:/home/ben-may/ros_workspaces/luqman_course_ws/install/vision_rpi_bot:/opt/ros/jazzy DEBUGINFOD_URLS=https://debuginfod.ubuntu.com /usr/bin/cmake --install /home/ben-may/ros_workspaces/qrcode_mazebot_ws/build/qrcode_mazebot_description
[0.283s] Level 1:colcon.colcon_core.environment:checking '/home/ben-may/ros_workspaces/qrcode_mazebot_ws/install/qrcode_mazebot_description' for CMake module files
[0.283s] Level 1:colcon.colcon_core.environment:checking '/home/ben-may/ros_workspaces/qrcode_mazebot_ws/install/qrcode_mazebot_description' for CMake config files
[0.283s] Level 1:colcon.colcon_core.shell:create_environment_hook('qrcode_mazebot_description', 'cmake_prefix_path')
[0.284s] INFO:colcon.colcon_core.shell:Creating environment hook '/home/ben-may/ros_workspaces/qrcode_mazebot_ws/install/qrcode_mazebot_description/share/qrcode_mazebot_description/hook/cmake_prefix_path.ps1'
[0.284s] INFO:colcon.colcon_core.shell:Creating environment descriptor '/home/ben-may/ros_workspaces/qrcode_mazebot_ws/install/qrcode_mazebot_description/share/qrcode_mazebot_description/hook/cmake_prefix_path.dsv'
[0.284s] INFO:colcon.colcon_core.shell:Creating environment hook '/home/ben-may/ros_workspaces/qrcode_mazebot_ws/install/qrcode_mazebot_description/share/qrcode_mazebot_description/hook/cmake_prefix_path.sh'
[0.284s] Level 1:colcon.colcon_core.environment:checking '/home/ben-may/ros_workspaces/qrcode_mazebot_ws/install/qrcode_mazebot_description/bin'
[0.284s] Level 1:colcon.colcon_core.environment:checking '/home/ben-may/ros_workspaces/qrcode_mazebot_ws/install/qrcode_mazebot_description/lib/pkgconfig/qrcode_mazebot_description.pc'
[0.284s] Level 1:colcon.colcon_core.environment:checking '/home/ben-may/ros_workspaces/qrcode_mazebot_ws/install/qrcode_mazebot_description/lib/python3.12/site-packages'
[0.285s] Level 1:colcon.colcon_core.environment:checking '/home/ben-may/ros_workspaces/qrcode_mazebot_ws/install/qrcode_mazebot_description/bin'
[0.285s] INFO:colcon.colcon_core.shell:Creating package script '/home/ben-may/ros_workspaces/qrcode_mazebot_ws/install/qrcode_mazebot_description/share/qrcode_mazebot_description/package.ps1'
[0.285s] INFO:colcon.colcon_core.shell:Creating package descriptor '/home/ben-may/ros_workspaces/qrcode_mazebot_ws/install/qrcode_mazebot_description/share/qrcode_mazebot_description/package.dsv'
[0.285s] INFO:colcon.colcon_core.shell:Creating package script '/home/ben-may/ros_workspaces/qrcode_mazebot_ws/install/qrcode_mazebot_description/share/qrcode_mazebot_description/package.sh'
[0.285s] INFO:colcon.colcon_core.shell:Creating package script '/home/ben-may/ros_workspaces/qrcode_mazebot_ws/install/qrcode_mazebot_description/share/qrcode_mazebot_description/package.bash'
[0.286s] INFO:colcon.colcon_core.shell:Creating package script '/home/ben-may/ros_workspaces/qrcode_mazebot_ws/install/qrcode_mazebot_description/share/qrcode_mazebot_description/package.zsh'
[0.286s] Level 1:colcon.colcon_core.environment:create_file_with_runtime_dependencies(/home/ben-may/ros_workspaces/qrcode_mazebot_ws/install/qrcode_mazebot_description/share/colcon-core/packages/qrcode_mazebot_description)
[0.286s] Level 1:colcon.colcon_core.environment:create_environment_scripts_only(qrcode_mazebot_description)
[0.286s] Level 1:colcon.colcon_core.environment:checking '/home/ben-may/ros_workspaces/qrcode_mazebot_ws/install/qrcode_mazebot_description' for CMake module files
[0.286s] Level 1:colcon.colcon_core.environment:checking '/home/ben-may/ros_workspaces/qrcode_mazebot_ws/install/qrcode_mazebot_description' for CMake config files
[0.287s] Level 1:colcon.colcon_core.shell:create_environment_hook('qrcode_mazebot_description', 'cmake_prefix_path')
[0.287s] INFO:colcon.colcon_core.shell:Creating environment hook '/home/ben-may/ros_workspaces/qrcode_mazebot_ws/install/qrcode_mazebot_description/share/qrcode_mazebot_description/hook/cmake_prefix_path.ps1'
[0.287s] INFO:colcon.colcon_core.shell:Creating environment descriptor '/home/ben-may/ros_workspaces/qrcode_mazebot_ws/install/qrcode_mazebot_description/share/qrcode_mazebot_description/hook/cmake_prefix_path.dsv'
[0.287s] INFO:colcon.colcon_core.shell:Creating environment hook '/home/ben-may/ros_workspaces/qrcode_mazebot_ws/install/qrcode_mazebot_description/share/qrcode_mazebot_description/hook/cmake_prefix_path.sh'
[0.287s] Level 1:colcon.colcon_core.environment:checking '/home/ben-may/ros_workspaces/qrcode_mazebot_ws/install/qrcode_mazebot_description/bin'
[0.287s] Level 1:colcon.colcon_core.environment:checking '/home/ben-may/ros_workspaces/qrcode_mazebot_ws/install/qrcode_mazebot_description/lib/pkgconfig/qrcode_mazebot_description.pc'
[0.287s] Level 1:colcon.colcon_core.environment:checking '/home/ben-may/ros_workspaces/qrcode_mazebot_ws/install/qrcode_mazebot_description/lib/python3.12/site-packages'
[0.287s] Level 1:colcon.colcon_core.environment:checking '/home/ben-may/ros_workspaces/qrcode_mazebot_ws/install/qrcode_mazebot_description/bin'
[0.288s] INFO:colcon.colcon_core.shell:Creating package script '/home/ben-may/ros_workspaces/qrcode_mazebot_ws/install/qrcode_mazebot_description/share/qrcode_mazebot_description/package.ps1'
[0.288s] INFO:colcon.colcon_core.shell:Creating package descriptor '/home/ben-may/ros_workspaces/qrcode_mazebot_ws/install/qrcode_mazebot_description/share/qrcode_mazebot_description/package.dsv'
[0.288s] INFO:colcon.colcon_core.shell:Creating package script '/home/ben-may/ros_workspaces/qrcode_mazebot_ws/install/qrcode_mazebot_description/share/qrcode_mazebot_description/package.sh'
[0.288s] INFO:colcon.colcon_core.shell:Creating package script '/home/ben-may/ros_workspaces/qrcode_mazebot_ws/install/qrcode_mazebot_description/share/qrcode_mazebot_description/package.bash'
[0.288s] INFO:colcon.colcon_core.shell:Creating package script '/home/ben-may/ros_workspaces/qrcode_mazebot_ws/install/qrcode_mazebot_description/share/qrcode_mazebot_description/package.zsh'
[0.288s] Level 1:colcon.colcon_core.environment:create_file_with_runtime_dependencies(/home/ben-may/ros_workspaces/qrcode_mazebot_ws/install/qrcode_mazebot_description/share/colcon-core/packages/qrcode_mazebot_description)
[0.289s] Level 1:colcon.colcon_core.environment:create_environment_scripts_only(qrcode_mazebot_bringup)
[0.289s] DEBUG:colcon.colcon_core.event_handler.log_command:Invoked command in '/home/ben-may/ros_workspaces/qrcode_mazebot_ws/build/qrcode_mazebot_bringup' returned '0': CMAKE_PREFIX_PATH=${CMAKE_PREFIX_PATH}:/home/ben-may/ros_workspaces/qrcode_mazebot_ws/install/qrcode_mazebot:/home/ben-may/ros_workspaces/luqman_course_ws/install/vision_rpi_bot:/opt/ros/jazzy DEBUGINFOD_URLS=https://debuginfod.ubuntu.com /usr/bin/cmake --install /home/ben-may/ros_workspaces/qrcode_mazebot_ws/build/qrcode_mazebot_bringup
[0.289s] Level 1:colcon.colcon_core.environment:checking '/home/ben-may/ros_workspaces/qrcode_mazebot_ws/install/qrcode_mazebot_bringup' for CMake module files
[0.290s] Level 1:colcon.colcon_core.environment:checking '/home/ben-may/ros_workspaces/qrcode_mazebot_ws/install/qrcode_mazebot_bringup' for CMake config files
[0.290s] Level 1:colcon.colcon_core.shell:create_environment_hook('qrcode_mazebot_bringup', 'cmake_prefix_path')
[0.290s] INFO:colcon.colcon_core.shell:Creating environment hook '/home/ben-may/ros_workspaces/qrcode_mazebot_ws/install/qrcode_mazebot_bringup/share/qrcode_mazebot_bringup/hook/cmake_prefix_path.ps1'
[0.290s] INFO:colcon.colcon_core.shell:Creating environment descriptor '/home/ben-may/ros_workspaces/qrcode_mazebot_ws/install/qrcode_mazebot_bringup/share/qrcode_mazebot_bringup/hook/cmake_prefix_path.dsv'
[0.290s] INFO:colcon.colcon_core.shell:Creating environment hook '/home/ben-may/ros_workspaces/qrcode_mazebot_ws/install/qrcode_mazebot_bringup/share/qrcode_mazebot_bringup/hook/cmake_prefix_path.sh'
[0.290s] Level 1:colcon.colcon_core.environment:checking '/home/ben-may/ros_workspaces/qrcode_mazebot_ws/install/qrcode_mazebot_bringup/bin'
[0.290s] Level 1:colcon.colcon_core.environment:checking '/home/ben-may/ros_workspaces/qrcode_mazebot_ws/install/qrcode_mazebot_bringup/lib/pkgconfig/qrcode_mazebot_bringup.pc'
[0.291s] Level 1:colcon.colcon_core.environment:checking '/home/ben-may/ros_workspaces/qrcode_mazebot_ws/install/qrcode_mazebot_bringup/lib/python3.12/site-packages'
[0.291s] Level 1:colcon.colcon_core.environment:checking '/home/ben-may/ros_workspaces/qrcode_mazebot_ws/install/qrcode_mazebot_bringup/bin'
[0.291s] INFO:colcon.colcon_core.shell:Creating package script '/home/ben-may/ros_workspaces/qrcode_mazebot_ws/install/qrcode_mazebot_bringup/share/qrcode_mazebot_bringup/package.ps1'
[0.291s] INFO:colcon.colcon_core.shell:Creating package descriptor '/home/ben-may/ros_workspaces/qrcode_mazebot_ws/install/qrcode_mazebot_bringup/share/qrcode_mazebot_bringup/package.dsv'
[0.291s] INFO:colcon.colcon_core.shell:Creating package script '/home/ben-may/ros_workspaces/qrcode_mazebot_ws/install/qrcode_mazebot_bringup/share/qrcode_mazebot_bringup/package.sh'
[0.291s] INFO:colcon.colcon_core.shell:Creating package script '/home/ben-may/ros_workspaces/qrcode_mazebot_ws/install/qrcode_mazebot_bringup/share/qrcode_mazebot_bringup/package.bash'
[0.291s] INFO:colcon.colcon_core.shell:Creating package script '/home/ben-may/ros_workspaces/qrcode_mazebot_ws/install/qrcode_mazebot_bringup/share/qrcode_mazebot_bringup/package.zsh'
[0.292s] Level 1:colcon.colcon_core.environment:create_file_with_runtime_dependencies(/home/ben-may/ros_workspaces/qrcode_mazebot_ws/install/qrcode_mazebot_bringup/share/colcon-core/packages/qrcode_mazebot_bringup)
[0.292s] Level 1:colcon.colcon_core.environment:create_environment_scripts_only(qrcode_mazebot_bringup)
[0.292s] Level 1:colcon.colcon_core.environment:checking '/home/ben-may/ros_workspaces/qrcode_mazebot_ws/install/qrcode_mazebot_bringup' for CMake module files
[0.292s] Level 1:colcon.colcon_core.environment:checking '/home/ben-may/ros_workspaces/qrcode_mazebot_ws/install/qrcode_mazebot_bringup' for CMake config files
[0.292s] Level 1:colcon.colcon_core.shell:create_environment_hook('qrcode_mazebot_bringup', 'cmake_prefix_path')
[0.292s] INFO:colcon.colcon_core.shell:Creating environment hook '/home/ben-may/ros_workspaces/qrcode_mazebot_ws/install/qrcode_mazebot_bringup/share/qrcode_mazebot_bringup/hook/cmake_prefix_path.ps1'
[0.292s] INFO:colcon.colcon_core.shell:Creating environment descriptor '/home/ben-may/ros_workspaces/qrcode_mazebot_ws/install/qrcode_mazebot_bringup/share/qrcode_mazebot_bringup/hook/cmake_prefix_path.dsv'
[0.293s] INFO:colcon.colcon_core.shell:Creating environment hook '/home/ben-may/ros_workspaces/qrcode_mazebot_ws/install/qrcode_mazebot_bringup/share/qrcode_mazebot_bringup/hook/cmake_prefix_path.sh'
[0.293s] Level 1:colcon.colcon_core.environment:checking '/home/ben-may/ros_workspaces/qrcode_mazebot_ws/install/qrcode_mazebot_bringup/bin'
[0.293s] Level 1:colcon.colcon_core.environment:checking '/home/ben-may/ros_workspaces/qrcode_mazebot_ws/install/qrcode_mazebot_bringup/lib/pkgconfig/qrcode_mazebot_bringup.pc'
[0.293s] Level 1:colcon.colcon_core.environment:checking '/home/ben-may/ros_workspaces/qrcode_mazebot_ws/install/qrcode_mazebot_bringup/lib/python3.12/site-packages'
[0.293s] Level 1:colcon.colcon_core.environment:checking '/home/ben-may/ros_workspaces/qrcode_mazebot_ws/install/qrcode_mazebot_bringup/bin'
[0.293s] INFO:colcon.colcon_core.shell:Creating package script '/home/ben-may/ros_workspaces/qrcode_mazebot_ws/install/qrcode_mazebot_bringup/share/qrcode_mazebot_bringup/package.ps1'
[0.293s] INFO:colcon.colcon_core.shell:Creating package descriptor '/home/ben-may/ros_workspaces/qrcode_mazebot_ws/install/qrcode_mazebot_bringup/share/qrcode_mazebot_bringup/package.dsv'
[0.294s] INFO:colcon.colcon_core.shell:Creating package script '/home/ben-may/ros_workspaces/qrcode_mazebot_ws/install/qrcode_mazebot_bringup/share/qrcode_mazebot_bringup/package.sh'
[0.294s] INFO:colcon.colcon_core.shell:Creating package script '/home/ben-may/ros_workspaces/qrcode_mazebot_ws/install/qrcode_mazebot_bringup/share/qrcode_mazebot_bringup/package.bash'
[0.294s] INFO:colcon.colcon_core.shell:Creating package script '/home/ben-may/ros_workspaces/qrcode_mazebot_ws/install/qrcode_mazebot_bringup/share/qrcode_mazebot_bringup/package.zsh'
[0.294s] Level 1:colcon.colcon_core.environment:create_file_with_runtime_dependencies(/home/ben-may/ros_workspaces/qrcode_mazebot_ws/install/qrcode_mazebot_bringup/share/colcon-core/packages/qrcode_mazebot_bringup)
[0.502s] DEBUG:colcon.colcon_core.event_handler.log_command:Invoking command in '/home/ben-may/ros_workspaces/qrcode_mazebot_ws/build/qrcode_mazebot': DEBUGINFOD_URLS=https://debuginfod.ubuntu.com PYTHONPATH=/home/ben-may/ros_workspaces/qrcode_mazebot_ws/build/qrcode_mazebot/prefix_override:/usr/lib/python3/dist-packages/colcon_core/task/python/colcon_distutils_commands:/home/ben-may/ros_workspaces/qrcode_mazebot_ws/install/qrcode_mazebot/lib/python3.12/site-packages:${PYTHONPATH} /usr/bin/python3 -W ignore:setup.py install is deprecated -W ignore:easy_install command is deprecated setup.py develop --uninstall --editable --build-directory /home/ben-may/ros_workspaces/qrcode_mazebot_ws/build/qrcode_mazebot/build
[0.756s] DEBUG:colcon.colcon_core.event_handler.log_command:Invoked command in '/home/ben-may/ros_workspaces/qrcode_mazebot_ws/build/qrcode_mazebot' returned '0': DEBUGINFOD_URLS=https://debuginfod.ubuntu.com PYTHONPATH=/home/ben-may/ros_workspaces/qrcode_mazebot_ws/build/qrcode_mazebot/prefix_override:/usr/lib/python3/dist-packages/colcon_core/task/python/colcon_distutils_commands:/home/ben-may/ros_workspaces/qrcode_mazebot_ws/install/qrcode_mazebot/lib/python3.12/site-packages:${PYTHONPATH} /usr/bin/python3 -W ignore:setup.py install is deprecated -W ignore:easy_install command is deprecated setup.py develop --uninstall --editable --build-directory /home/ben-may/ros_workspaces/qrcode_mazebot_ws/build/qrcode_mazebot/build
[0.756s] DEBUG:colcon.colcon_core.event_handler.log_command:Invoking command in '/home/ben-may/ros_workspaces/qrcode_mazebot_ws/src/qrcode_mazebot': DEBUGINFOD_URLS=https://debuginfod.ubuntu.com PYTHONPATH=/home/ben-may/ros_workspaces/qrcode_mazebot_ws/build/qrcode_mazebot/prefix_override:/usr/lib/python3/dist-packages/colcon_core/task/python/colcon_distutils_commands:/home/ben-may/ros_workspaces/qrcode_mazebot_ws/install/qrcode_mazebot/lib/python3.12/site-packages:${PYTHONPATH} /usr/bin/python3 -W ignore:setup.py install is deprecated -W ignore:easy_install command is deprecated setup.py egg_info --egg-base ../../build/qrcode_mazebot build --build-base /home/ben-may/ros_workspaces/qrcode_mazebot_ws/build/qrcode_mazebot/build install --record /home/ben-may/ros_workspaces/qrcode_mazebot_ws/build/qrcode_mazebot/install.log --single-version-externally-managed install_data --force
[1.006s] Level 1:colcon.colcon_core.environment:checking '/home/ben-may/ros_workspaces/qrcode_mazebot_ws/install/qrcode_mazebot' for CMake module files
[1.007s] DEBUG:colcon.colcon_core.event_handler.log_command:Invoked command in '/home/ben-may/ros_workspaces/qrcode_mazebot_ws/src/qrcode_mazebot' returned '0': DEBUGINFOD_URLS=https://debuginfod.ubuntu.com PYTHONPATH=/home/ben-may/ros_workspaces/qrcode_mazebot_ws/build/qrcode_mazebot/prefix_override:/usr/lib/python3/dist-packages/colcon_core/task/python/colcon_distutils_commands:/home/ben-may/ros_workspaces/qrcode_mazebot_ws/install/qrcode_mazebot/lib/python3.12/site-packages:${PYTHONPATH} /usr/bin/python3 -W ignore:setup.py install is deprecated -W ignore:easy_install command is deprecated setup.py egg_info --egg-base ../../build/qrcode_mazebot build --build-base /home/ben-may/ros_workspaces/qrcode_mazebot_ws/build/qrcode_mazebot/build install --record /home/ben-may/ros_workspaces/qrcode_mazebot_ws/build/qrcode_mazebot/install.log --single-version-externally-managed install_data --force
[1.007s] Level 1:colcon.colcon_core.environment:checking '/home/ben-may/ros_workspaces/qrcode_mazebot_ws/install/qrcode_mazebot' for CMake config files
[1.007s] Level 1:colcon.colcon_core.environment:checking '/home/ben-may/ros_workspaces/qrcode_mazebot_ws/install/qrcode_mazebot/lib'
[1.007s] Level 1:colcon.colcon_core.environment:checking '/home/ben-may/ros_workspaces/qrcode_mazebot_ws/install/qrcode_mazebot/bin'
[1.008s] Level 1:colcon.colcon_core.environment:checking '/home/ben-may/ros_workspaces/qrcode_mazebot_ws/install/qrcode_mazebot/lib/pkgconfig/qrcode_mazebot.pc'
[1.008s] Level 1:colcon.colcon_core.environment:checking '/home/ben-may/ros_workspaces/qrcode_mazebot_ws/install/qrcode_mazebot/lib/python3.12/site-packages'
[1.008s] Level 1:colcon.colcon_core.shell:create_environment_hook('qrcode_mazebot', 'pythonpath')
[1.008s] INFO:colcon.colcon_core.shell:Creating environment hook '/home/ben-may/ros_workspaces/qrcode_mazebot_ws/install/qrcode_mazebot/share/qrcode_mazebot/hook/pythonpath.ps1'
[1.008s] INFO:colcon.colcon_core.shell:Creating environment descriptor '/home/ben-may/ros_workspaces/qrcode_mazebot_ws/install/qrcode_mazebot/share/qrcode_mazebot/hook/pythonpath.dsv'
[1.008s] INFO:colcon.colcon_core.shell:Creating environment hook '/home/ben-may/ros_workspaces/qrcode_mazebot_ws/install/qrcode_mazebot/share/qrcode_mazebot/hook/pythonpath.sh'
[1.008s] Level 1:colcon.colcon_core.environment:checking '/home/ben-may/ros_workspaces/qrcode_mazebot_ws/install/qrcode_mazebot/bin'
[1.008s] Level 1:colcon.colcon_core.environment:create_environment_scripts_only(qrcode_mazebot)
[1.009s] INFO:colcon.colcon_core.shell:Creating package script '/home/ben-may/ros_workspaces/qrcode_mazebot_ws/install/qrcode_mazebot/share/qrcode_mazebot/package.ps1'
[1.009s] INFO:colcon.colcon_core.shell:Creating package descriptor '/home/ben-may/ros_workspaces/qrcode_mazebot_ws/install/qrcode_mazebot/share/qrcode_mazebot/package.dsv'
[1.009s] INFO:colcon.colcon_core.shell:Creating package script '/home/ben-may/ros_workspaces/qrcode_mazebot_ws/install/qrcode_mazebot/share/qrcode_mazebot/package.sh'
[1.009s] INFO:colcon.colcon_core.shell:Creating package script '/home/ben-may/ros_workspaces/qrcode_mazebot_ws/install/qrcode_mazebot/share/qrcode_mazebot/package.bash'
[1.009s] INFO:colcon.colcon_core.shell:Creating package script '/home/ben-may/ros_workspaces/qrcode_mazebot_ws/install/qrcode_mazebot/share/qrcode_mazebot/package.zsh'
[1.010s] Level 1:colcon.colcon_core.environment:create_file_with_runtime_dependencies(/home/ben-may/ros_workspaces/qrcode_mazebot_ws/install/qrcode_mazebot/share/colcon-core/packages/qrcode_mazebot)
[1.010s] DEBUG:colcon.colcon_parallel_executor.executor.parallel:closing loop
[1.010s] DEBUG:colcon.colcon_parallel_executor.executor.parallel:loop closed
[1.010s] DEBUG:colcon.colcon_parallel_executor.executor.parallel:run_until_complete finished with '0'
[1.010s] DEBUG:colcon.colcon_core.event_reactor:joining thread
[1.013s] INFO:colcon.colcon_core.plugin_system:Skipping extension 'colcon_notification.desktop_notification.terminal_notifier': Not used on non-Darwin systems
[1.013s] INFO:colcon.colcon_core.plugin_system:Skipping extension 'colcon_notification.desktop_notification.win32': Not used on non-Windows systems
[1.013s] INFO:colcon.colcon_notification.desktop_notification:Sending desktop notification using 'notify2'
[1.021s] DEBUG:colcon.colcon_core.event_reactor:joined thread
[1.021s] INFO:colcon.colcon_core.shell:Creating prefix script '/home/ben-may/ros_workspaces/qrcode_mazebot_ws/install/local_setup.ps1'
[1.022s] INFO:colcon.colcon_core.shell:Creating prefix util module '/home/ben-may/ros_workspaces/qrcode_mazebot_ws/install/_local_setup_util_ps1.py'
[1.022s] INFO:colcon.colcon_core.shell:Creating prefix chain script '/home/ben-may/ros_workspaces/qrcode_mazebot_ws/install/setup.ps1'
[1.023s] INFO:colcon.colcon_core.shell:Creating prefix script '/home/ben-may/ros_workspaces/qrcode_mazebot_ws/install/local_setup.sh'
[1.023s] INFO:colcon.colcon_core.shell:Creating prefix util module '/home/ben-may/ros_workspaces/qrcode_mazebot_ws/install/_local_setup_util_sh.py'
[1.023s] INFO:colcon.colcon_core.shell:Creating prefix chain script '/home/ben-may/ros_workspaces/qrcode_mazebot_ws/install/setup.sh'
[1.024s] INFO:colcon.colcon_core.shell:Creating prefix script '/home/ben-may/ros_workspaces/qrcode_mazebot_ws/install/local_setup.bash'
[1.024s] INFO:colcon.colcon_core.shell:Creating prefix chain script '/home/ben-may/ros_workspaces/qrcode_mazebot_ws/install/setup.bash'
[1.024s] INFO:colcon.colcon_core.shell:Creating prefix script '/home/ben-may/ros_workspaces/qrcode_mazebot_ws/install/local_setup.zsh'
[1.025s] INFO:colcon.colcon_core.shell:Creating prefix chain script '/home/ben-may/ros_workspaces/qrcode_mazebot_ws/install/setup.zsh'
