[0.113s] Invoking command in '/home/ben-may/ros_workspaces/qrcode_mazebot_ws/build/qrcode_mazebot_bringup': CMAKE_PREFIX_PATH=${CMAKE_PREFIX_PATH}:/home/ben-may/ros_workspaces/qrcode_mazebot_ws/install/qrcode_mazebot:/home/ben-may/ros_workspaces/luqman_course_ws/install/vision_rpi_bot:/opt/ros/jazzy DEBUGINFOD_URLS=https://debuginfod.ubuntu.com /usr/bin/cmake --build /home/ben-may/ros_workspaces/qrcode_mazebot_ws/build/qrcode_mazebot_bringup -- -j24 -l24
[0.151s] Invoked command in '/home/ben-may/ros_workspaces/qrcode_mazebot_ws/build/qrcode_mazebot_bringup' returned '0': CMAKE_PREFIX_PATH=${CMAKE_PREFIX_PATH}:/home/ben-may/ros_workspaces/qrcode_mazebot_ws/install/qrcode_mazebot:/home/ben-may/ros_workspaces/luqman_course_ws/install/vision_rpi_bot:/opt/ros/jazzy DEBUGINFOD_URLS=https://debuginfod.ubuntu.com /usr/bin/cmake --build /home/ben-may/ros_workspaces/qrcode_mazebot_ws/build/qrcode_mazebot_bringup -- -j24 -l24
[0.152s] Invoking command in '/home/ben-may/ros_workspaces/qrcode_mazebot_ws/build/qrcode_mazebot_bringup': CMAKE_PREFIX_PATH=${CMAKE_PREFIX_PATH}:/home/ben-may/ros_workspaces/qrcode_mazebot_ws/install/qrcode_mazebot:/home/ben-may/ros_workspaces/luqman_course_ws/install/vision_rpi_bot:/opt/ros/jazzy DEBUGINFOD_URLS=https://debuginfod.ubuntu.com /usr/bin/cmake --install /home/ben-may/ros_workspaces/qrcode_mazebot_ws/build/qrcode_mazebot_bringup
[0.157s] -- Install configuration: ""
[0.158s] -- Up-to-date: /home/ben-may/ros_workspaces/qrcode_mazebot_ws/install/qrcode_mazebot_bringup/share/qrcode_mazebot_bringup//launch
[0.158s] -- Up-to-date: /home/ben-may/ros_workspaces/qrcode_mazebot_ws/install/qrcode_mazebot_bringup/share/qrcode_mazebot_bringup//launch/mazebot_bringup_v3.launch.py
[0.158s] -- Up-to-date: /home/ben-may/ros_workspaces/qrcode_mazebot_ws/install/qrcode_mazebot_bringup/share/qrcode_mazebot_bringup//launch/mazebot_bringup_v2.launch.py
[0.158s] -- Up-to-date: /home/ben-may/ros_workspaces/qrcode_mazebot_ws/install/qrcode_mazebot_bringup/share/qrcode_mazebot_bringup//launch/mazebot_bringup_v1.launch.py
[0.158s] -- Up-to-date: /home/ben-may/ros_workspaces/qrcode_mazebot_ws/install/qrcode_mazebot_bringup/share/ament_index/resource_index/package_run_dependencies/qrcode_mazebot_bringup
[0.158s] -- Up-to-date: /home/ben-may/ros_workspaces/qrcode_mazebot_ws/install/qrcode_mazebot_bringup/share/ament_index/resource_index/parent_prefix_path/qrcode_mazebot_bringup
[0.158s] -- Up-to-date: /home/ben-may/ros_workspaces/qrcode_mazebot_ws/install/qrcode_mazebot_bringup/share/qrcode_mazebot_bringup/environment/ament_prefix_path.sh
[0.158s] -- Up-to-date: /home/ben-may/ros_workspaces/qrcode_mazebot_ws/install/qrcode_mazebot_bringup/share/qrcode_mazebot_bringup/environment/ament_prefix_path.dsv
[0.158s] -- Up-to-date: /home/ben-may/ros_workspaces/qrcode_mazebot_ws/install/qrcode_mazebot_bringup/share/qrcode_mazebot_bringup/environment/path.sh
[0.158s] -- Up-to-date: /home/ben-may/ros_workspaces/qrcode_mazebot_ws/install/qrcode_mazebot_bringup/share/qrcode_mazebot_bringup/environment/path.dsv
[0.158s] -- Up-to-date: /home/ben-may/ros_workspaces/qrcode_mazebot_ws/install/qrcode_mazebot_bringup/share/qrcode_mazebot_bringup/local_setup.bash
[0.158s] -- Up-to-date: /home/ben-may/ros_workspaces/qrcode_mazebot_ws/install/qrcode_mazebot_bringup/share/qrcode_mazebot_bringup/local_setup.sh
[0.158s] -- Up-to-date: /home/ben-may/ros_workspaces/qrcode_mazebot_ws/install/qrcode_mazebot_bringup/share/qrcode_mazebot_bringup/local_setup.zsh
[0.158s] -- Up-to-date: /home/ben-may/ros_workspaces/qrcode_mazebot_ws/install/qrcode_mazebot_bringup/share/qrcode_mazebot_bringup/local_setup.dsv
[0.158s] -- Installing: /home/ben-may/ros_workspaces/qrcode_mazebot_ws/install/qrcode_mazebot_bringup/share/qrcode_mazebot_bringup/package.dsv
[0.158s] -- Up-to-date: /home/ben-may/ros_workspaces/qrcode_mazebot_ws/install/qrcode_mazebot_bringup/share/ament_index/resource_index/packages/qrcode_mazebot_bringup
[0.158s] -- Up-to-date: /home/ben-may/ros_workspaces/qrcode_mazebot_ws/install/qrcode_mazebot_bringup/share/qrcode_mazebot_bringup/cmake/qrcode_mazebot_bringupConfig.cmake
[0.158s] -- Up-to-date: /home/ben-may/ros_workspaces/qrcode_mazebot_ws/install/qrcode_mazebot_bringup/share/qrcode_mazebot_bringup/cmake/qrcode_mazebot_bringupConfig-version.cmake
[0.158s] -- Up-to-date: /home/ben-may/ros_workspaces/qrcode_mazebot_ws/install/qrcode_mazebot_bringup/share/qrcode_mazebot_bringup/package.xml
[0.167s] Invoked command in '/home/ben-may/ros_workspaces/qrcode_mazebot_ws/build/qrcode_mazebot_bringup' returned '0': CMAKE_PREFIX_PATH=${CMAKE_PREFIX_PATH}:/home/ben-may/ros_workspaces/qrcode_mazebot_ws/install/qrcode_mazebot:/home/ben-may/ros_workspaces/luqman_course_ws/install/vision_rpi_bot:/opt/ros/jazzy DEBUGINFOD_URLS=https://debuginfod.ubuntu.com /usr/bin/cmake --install /home/ben-may/ros_workspaces/qrcode_mazebot_ws/build/qrcode_mazebot_bringup
