[0.383s] Invoking command in '/home/ben-may/ros_workspaces/qrcode_mazebot_ws/build/qrcode_mazebot': DEBUGINFOD_URLS=https://debuginfod.ubuntu.com PYTHONPATH=/home/ben-may/ros_workspaces/qrcode_mazebot_ws/build/qrcode_mazebot/prefix_override:/usr/lib/python3/dist-packages/colcon_core/task/python/colcon_distutils_commands:/home/ben-may/ros_workspaces/qrcode_mazebot_ws/install/qrcode_mazebot/lib/python3.12/site-packages:${PYTHONPATH} /usr/bin/python3 -W ignore:setup.py install is deprecated -W ignore:easy_install command is deprecated setup.py develop --uninstall --editable --build-directory /home/ben-may/ros_workspaces/qrcode_mazebot_ws/build/qrcode_mazebot/build
[0.522s] running develop
[0.606s] Removing /home/ben-may/ros_workspaces/qrcode_mazebot_ws/install/qrcode_mazebot/lib/python3.12/site-packages/qrcode-mazebot.egg-link (link to .)
[0.620s] Invoked command in '/home/ben-may/ros_workspaces/qrcode_mazebot_ws/build/qrcode_mazebot' returned '0': DEBUGINFOD_URLS=https://debuginfod.ubuntu.com PYTHONPATH=/home/ben-may/ros_workspaces/qrcode_mazebot_ws/build/qrcode_mazebot/prefix_override:/usr/lib/python3/dist-packages/colcon_core/task/python/colcon_distutils_commands:/home/ben-may/ros_workspaces/qrcode_mazebot_ws/install/qrcode_mazebot/lib/python3.12/site-packages:${PYTHONPATH} /usr/bin/python3 -W ignore:setup.py install is deprecated -W ignore:easy_install command is deprecated setup.py develop --uninstall --editable --build-directory /home/ben-may/ros_workspaces/qrcode_mazebot_ws/build/qrcode_mazebot/build
[0.621s] Invoking command in '/home/ben-may/ros_workspaces/qrcode_mazebot_ws/src/qrcode_mazebot': DEBUGINFOD_URLS=https://debuginfod.ubuntu.com PYTHONPATH=/home/ben-may/ros_workspaces/qrcode_mazebot_ws/build/qrcode_mazebot/prefix_override:/usr/lib/python3/dist-packages/colcon_core/task/python/colcon_distutils_commands:/home/ben-may/ros_workspaces/qrcode_mazebot_ws/install/qrcode_mazebot/lib/python3.12/site-packages:${PYTHONPATH} /usr/bin/python3 -W ignore:setup.py install is deprecated -W ignore:easy_install command is deprecated setup.py egg_info --egg-base ../../build/qrcode_mazebot build --build-base /home/ben-may/ros_workspaces/qrcode_mazebot_ws/build/qrcode_mazebot/build install --record /home/ben-may/ros_workspaces/qrcode_mazebot_ws/build/qrcode_mazebot/install.log --single-version-externally-managed install_data --force
[0.745s] running egg_info
[0.753s] writing ../../build/qrcode_mazebot/qrcode_mazebot.egg-info/PKG-INFO
[0.753s] writing dependency_links to ../../build/qrcode_mazebot/qrcode_mazebot.egg-info/dependency_links.txt
[0.753s] writing entry points to ../../build/qrcode_mazebot/qrcode_mazebot.egg-info/entry_points.txt
[0.753s] writing requirements to ../../build/qrcode_mazebot/qrcode_mazebot.egg-info/requires.txt
[0.753s] writing top-level names to ../../build/qrcode_mazebot/qrcode_mazebot.egg-info/top_level.txt
[0.769s] reading manifest file '../../build/qrcode_mazebot/qrcode_mazebot.egg-info/SOURCES.txt'
[0.770s] writing manifest file '../../build/qrcode_mazebot/qrcode_mazebot.egg-info/SOURCES.txt'
[0.770s] running build
[0.770s] running build_py
[0.770s] copying qrcode_mazebot/qr_code_maze_driver_v3.py -> /home/ben-may/ros_workspaces/qrcode_mazebot_ws/build/qrcode_mazebot/build/lib/qrcode_mazebot
[0.770s] running install
[0.773s] running install_lib
[0.781s] creating /home/ben-may/ros_workspaces/qrcode_mazebot_ws/install/qrcode_mazebot/lib/python3.12/site-packages/qrcode_mazebot
[0.781s] copying /home/ben-may/ros_workspaces/qrcode_mazebot_ws/build/qrcode_mazebot/build/lib/qrcode_mazebot/qr_code_maze_driver_v3.py -> /home/ben-may/ros_workspaces/qrcode_mazebot_ws/install/qrcode_mazebot/lib/python3.12/site-packages/qrcode_mazebot
[0.781s] copying /home/ben-may/ros_workspaces/qrcode_mazebot_ws/build/qrcode_mazebot/build/lib/qrcode_mazebot/__init__.py -> /home/ben-may/ros_workspaces/qrcode_mazebot_ws/install/qrcode_mazebot/lib/python3.12/site-packages/qrcode_mazebot
[0.782s] copying /home/ben-may/ros_workspaces/qrcode_mazebot_ws/build/qrcode_mazebot/build/lib/qrcode_mazebot/qr_code_maze_driver_v2.py -> /home/ben-may/ros_workspaces/qrcode_mazebot_ws/install/qrcode_mazebot/lib/python3.12/site-packages/qrcode_mazebot
[0.782s] copying /home/ben-may/ros_workspaces/qrcode_mazebot_ws/build/qrcode_mazebot/build/lib/qrcode_mazebot/qr_code_maze_driver_v1.py -> /home/ben-may/ros_workspaces/qrcode_mazebot_ws/install/qrcode_mazebot/lib/python3.12/site-packages/qrcode_mazebot
[0.783s] byte-compiling /home/ben-may/ros_workspaces/qrcode_mazebot_ws/install/qrcode_mazebot/lib/python3.12/site-packages/qrcode_mazebot/qr_code_maze_driver_v3.py to qr_code_maze_driver_v3.cpython-312.pyc
[0.785s] byte-compiling /home/ben-may/ros_workspaces/qrcode_mazebot_ws/install/qrcode_mazebot/lib/python3.12/site-packages/qrcode_mazebot/__init__.py to __init__.cpython-312.pyc
[0.785s] byte-compiling /home/ben-may/ros_workspaces/qrcode_mazebot_ws/install/qrcode_mazebot/lib/python3.12/site-packages/qrcode_mazebot/qr_code_maze_driver_v2.py to qr_code_maze_driver_v2.cpython-312.pyc
[0.787s] byte-compiling /home/ben-may/ros_workspaces/qrcode_mazebot_ws/install/qrcode_mazebot/lib/python3.12/site-packages/qrcode_mazebot/qr_code_maze_driver_v1.py to qr_code_maze_driver_v1.cpython-312.pyc
[0.788s] running install_data
[0.788s] copying resource/qrcode_mazebot -> /home/ben-may/ros_workspaces/qrcode_mazebot_ws/install/qrcode_mazebot/share/ament_index/resource_index/packages
[0.788s] copying package.xml -> /home/ben-may/ros_workspaces/qrcode_mazebot_ws/install/qrcode_mazebot/share/qrcode_mazebot
[0.788s] running install_egg_info
[0.797s] Copying ../../build/qrcode_mazebot/qrcode_mazebot.egg-info to /home/ben-may/ros_workspaces/qrcode_mazebot_ws/install/qrcode_mazebot/lib/python3.12/site-packages/qrcode_mazebot-0.0.0-py3.12.egg-info
[0.797s] running install_scripts
[0.854s] Installing qr_code_maze_driver_v1 script to /home/ben-may/ros_workspaces/qrcode_mazebot_ws/install/qrcode_mazebot/lib/qrcode_mazebot
[0.854s] Installing qr_code_maze_driver_v2 script to /home/ben-may/ros_workspaces/qrcode_mazebot_ws/install/qrcode_mazebot/lib/qrcode_mazebot
[0.854s] Installing qr_code_maze_driver_v3 script to /home/ben-may/ros_workspaces/qrcode_mazebot_ws/install/qrcode_mazebot/lib/qrcode_mazebot
[0.854s] writing list of installed files to '/home/ben-may/ros_workspaces/qrcode_mazebot_ws/build/qrcode_mazebot/install.log'
[0.867s] Invoked command in '/home/ben-may/ros_workspaces/qrcode_mazebot_ws/src/qrcode_mazebot' returned '0': DEBUGINFOD_URLS=https://debuginfod.ubuntu.com PYTHONPATH=/home/ben-may/ros_workspaces/qrcode_mazebot_ws/build/qrcode_mazebot/prefix_override:/usr/lib/python3/dist-packages/colcon_core/task/python/colcon_distutils_commands:/home/ben-may/ros_workspaces/qrcode_mazebot_ws/install/qrcode_mazebot/lib/python3.12/site-packages:${PYTHONPATH} /usr/bin/python3 -W ignore:setup.py install is deprecated -W ignore:easy_install command is deprecated setup.py egg_info --egg-base ../../build/qrcode_mazebot build --build-base /home/ben-may/ros_workspaces/qrcode_mazebot_ws/build/qrcode_mazebot/build install --record /home/ben-may/ros_workspaces/qrcode_mazebot_ws/build/qrcode_mazebot/install.log --single-version-externally-managed install_data --force
