[0.005s] Invoking command in '/home/ben-may/ros_workspaces/qrcode_mazebot_ws/build/qrcode_mazebot_description': CMAKE_PREFIX_PATH=${CMAKE_PREFIX_PATH}:/home/ben-may/ros_workspaces/luqman_course_ws/install/vision_rpi_bot:/opt/ros/jazzy DEBUGINFOD_URLS=https://debuginfod.ubuntu.com /usr/bin/cmake /home/ben-may/ros_workspaces/qrcode_mazebot_ws/src/qrcode_mazebot_description -DCMAKE_INSTALL_PREFIX=/home/ben-may/ros_workspaces/qrcode_mazebot_ws/install/qrcode_mazebot_description
[0.127s] -- The C compiler identification is GNU 13.3.0
[0.251s] -- The CXX compiler identification is GNU 13.3.0
[0.288s] -- Detecting C compiler ABI info
[0.424s] -- Detecting C compiler ABI info - done
[0.432s] -- Check for working C compiler: /usr/bin/cc - skipped
[0.432s] -- Detecting C compile features
[0.433s] -- Detecting C compile features - done
[0.441s] -- Detecting CXX compiler ABI info
[0.567s] -- Detecting CXX compiler ABI info - done
[0.572s] -- Check for working CXX compiler: /usr/bin/c++ - skipped
[0.572s] -- Detecting CXX compile features
[0.572s] -- Detecting CXX compile features - done
[0.577s] -- Found ament_cmake: 2.5.4 (/opt/ros/jazzy/share/ament_cmake/cmake)
[0.725s] -- Found Python3: /usr/bin/python3 (found version "3.12.3") found components: Interpreter 
[0.861s] -- Configuring done (0.8s)
[0.862s] -- Generating done (0.0s)
[0.863s] -- Build files have been written to: /home/ben-may/ros_workspaces/qrcode_mazebot_ws/build/qrcode_mazebot_description
[0.866s] Invoked command in '/home/ben-may/ros_workspaces/qrcode_mazebot_ws/build/qrcode_mazebot_description' returned '0': CMAKE_PREFIX_PATH=${CMAKE_PREFIX_PATH}:/home/ben-may/ros_workspaces/luqman_course_ws/install/vision_rpi_bot:/opt/ros/jazzy DEBUGINFOD_URLS=https://debuginfod.ubuntu.com /usr/bin/cmake /home/ben-may/ros_workspaces/qrcode_mazebot_ws/src/qrcode_mazebot_description -DCMAKE_INSTALL_PREFIX=/home/ben-may/ros_workspaces/qrcode_mazebot_ws/install/qrcode_mazebot_description
[0.867s] Invoking command in '/home/ben-may/ros_workspaces/qrcode_mazebot_ws/build/qrcode_mazebot_description': CMAKE_PREFIX_PATH=${CMAKE_PREFIX_PATH}:/home/ben-may/ros_workspaces/luqman_course_ws/install/vision_rpi_bot:/opt/ros/jazzy DEBUGINFOD_URLS=https://debuginfod.ubuntu.com /usr/bin/cmake --build /home/ben-may/ros_workspaces/qrcode_mazebot_ws/build/qrcode_mazebot_description -- -j24 -l24
[0.908s] Invoked command in '/home/ben-may/ros_workspaces/qrcode_mazebot_ws/build/qrcode_mazebot_description' returned '0': CMAKE_PREFIX_PATH=${CMAKE_PREFIX_PATH}:/home/ben-may/ros_workspaces/luqman_course_ws/install/vision_rpi_bot:/opt/ros/jazzy DEBUGINFOD_URLS=https://debuginfod.ubuntu.com /usr/bin/cmake --build /home/ben-may/ros_workspaces/qrcode_mazebot_ws/build/qrcode_mazebot_description -- -j24 -l24
[0.923s] Invoking command in '/home/ben-may/ros_workspaces/qrcode_mazebot_ws/build/qrcode_mazebot_description': CMAKE_PREFIX_PATH=${CMAKE_PREFIX_PATH}:/home/ben-may/ros_workspaces/luqman_course_ws/install/vision_rpi_bot:/opt/ros/jazzy DEBUGINFOD_URLS=https://debuginfod.ubuntu.com /usr/bin/cmake --install /home/ben-may/ros_workspaces/qrcode_mazebot_ws/build/qrcode_mazebot_description
[0.936s] -- Install configuration: ""
[0.936s] -- Installing: /home/ben-may/ros_workspaces/qrcode_mazebot_ws/install/qrcode_mazebot_description/share/qrcode_mazebot_description//launch
[0.936s] -- Installing: /home/ben-may/ros_workspaces/qrcode_mazebot_ws/install/qrcode_mazebot_description/share/qrcode_mazebot_description//launch/gz_empty.launch.py
[0.936s] -- Installing: /home/ben-may/ros_workspaces/qrcode_mazebot_ws/install/qrcode_mazebot_description/share/qrcode_mazebot_description//launch/gz_custom.launch.py
[0.936s] -- Installing: /home/ben-may/ros_workspaces/qrcode_mazebot_ws/install/qrcode_mazebot_description/share/qrcode_mazebot_description//assets
[0.936s] -- Installing: /home/ben-may/ros_workspaces/qrcode_mazebot_ws/install/qrcode_mazebot_description/share/qrcode_mazebot_description//assets/wheel.part
[0.936s] -- Installing: /home/ben-may/ros_workspaces/qrcode_mazebot_ws/install/qrcode_mazebot_description/share/qrcode_mazebot_description//assets/chassis.stl
[0.936s] -- Installing: /home/ben-may/ros_workspaces/qrcode_mazebot_ws/install/qrcode_mazebot_description/share/qrcode_mazebot_description//assets/chassis.part
[0.936s] -- Installing: /home/ben-may/ros_workspaces/qrcode_mazebot_ws/install/qrcode_mazebot_description/share/qrcode_mazebot_description//assets/camera.stl
[0.936s] -- Installing: /home/ben-may/ros_workspaces/qrcode_mazebot_ws/install/qrcode_mazebot_description/share/qrcode_mazebot_description//assets/lidar.part
[0.936s] -- Installing: /home/ben-may/ros_workspaces/qrcode_mazebot_ws/install/qrcode_mazebot_description/share/qrcode_mazebot_description//assets/wheel.stl
[0.937s] -- Installing: /home/ben-may/ros_workspaces/qrcode_mazebot_ws/install/qrcode_mazebot_description/share/qrcode_mazebot_description//assets/camera.part
[0.937s] -- Installing: /home/ben-may/ros_workspaces/qrcode_mazebot_ws/install/qrcode_mazebot_description/share/qrcode_mazebot_description//assets/lidar.stl
[0.937s] -- Installing: /home/ben-may/ros_workspaces/qrcode_mazebot_ws/install/qrcode_mazebot_description/share/qrcode_mazebot_description//urdf
[0.937s] -- Installing: /home/ben-may/ros_workspaces/qrcode_mazebot_ws/install/qrcode_mazebot_description/share/qrcode_mazebot_description//urdf/modules
[0.938s] -- Installing: /home/ben-may/ros_workspaces/qrcode_mazebot_ws/install/qrcode_mazebot_description/share/qrcode_mazebot_description//urdf/modules/lidar.xacro
[0.938s] -- Installing: /home/ben-may/ros_workspaces/qrcode_mazebot_ws/install/qrcode_mazebot_description/share/qrcode_mazebot_description//urdf/modules/camera.xacro
[0.938s] -- Installing: /home/ben-may/ros_workspaces/qrcode_mazebot_ws/install/qrcode_mazebot_description/share/qrcode_mazebot_description//urdf/modules/chassis_and_wheels.xacro
[0.938s] -- Installing: /home/ben-may/ros_workspaces/qrcode_mazebot_ws/install/qrcode_mazebot_description/share/qrcode_mazebot_description//urdf/xacro_properties
[0.938s] -- Installing: /home/ben-may/ros_workspaces/qrcode_mazebot_ws/install/qrcode_mazebot_description/share/qrcode_mazebot_description//urdf/xacro_properties/xacro_properties.xacro
[0.938s] -- Installing: /home/ben-may/ros_workspaces/qrcode_mazebot_ws/install/qrcode_mazebot_description/share/qrcode_mazebot_description//urdf/gazebo_tags
[0.939s] -- Installing: /home/ben-may/ros_workspaces/qrcode_mazebot_ws/install/qrcode_mazebot_description/share/qrcode_mazebot_description//urdf/gazebo_tags/gazebo_plugins.xacro
[0.939s] -- Installing: /home/ben-may/ros_workspaces/qrcode_mazebot_ws/install/qrcode_mazebot_description/share/qrcode_mazebot_description//urdf/gazebo_tags/gazebo_properties.xacro
[0.939s] -- Installing: /home/ben-may/ros_workspaces/qrcode_mazebot_ws/install/qrcode_mazebot_description/share/qrcode_mazebot_description//urdf/robot.urdf.xacro
[0.939s] -- Installing: /home/ben-may/ros_workspaces/qrcode_mazebot_ws/install/qrcode_mazebot_description/share/qrcode_mazebot_description//yaml
[0.939s] -- Installing: /home/ben-may/ros_workspaces/qrcode_mazebot_ws/install/qrcode_mazebot_description/share/qrcode_mazebot_description//yaml/gazebo_bridge.yaml
[0.939s] -- Installing: /home/ben-may/ros_workspaces/qrcode_mazebot_ws/install/qrcode_mazebot_description/share/qrcode_mazebot_description//worlds
[0.939s] -- Installing: /home/ben-may/ros_workspaces/qrcode_mazebot_ws/install/qrcode_mazebot_description/share/qrcode_mazebot_description//worlds/qr_code_maze_big_world.sdf
[0.940s] -- Installing: /home/ben-may/ros_workspaces/qrcode_mazebot_ws/install/qrcode_mazebot_description/share/qrcode_mazebot_description//rviz
[0.940s] -- Installing: /home/ben-may/ros_workspaces/qrcode_mazebot_ws/install/qrcode_mazebot_description/share/qrcode_mazebot_description//rviz/config_with-Lidar-and-Camera.rviz
[0.940s] -- Installing: /home/ben-may/ros_workspaces/qrcode_mazebot_ws/install/qrcode_mazebot_description/share/qrcode_mazebot_description//models
[0.940s] -- Installing: /home/ben-may/ros_workspaces/qrcode_mazebot_ws/install/qrcode_mazebot_description/share/qrcode_mazebot_description//models/qr_code_maze
[0.940s] -- Installing: /home/ben-may/ros_workspaces/qrcode_mazebot_ws/install/qrcode_mazebot_description/share/qrcode_mazebot_description//models/qr_code_maze/right.png
[0.941s] -- Installing: /home/ben-may/ros_workspaces/qrcode_mazebot_ws/install/qrcode_mazebot_description/share/qrcode_mazebot_description//models/qr_code_maze/stop.png
[0.941s] -- Installing: /home/ben-may/ros_workspaces/qrcode_mazebot_ws/install/qrcode_mazebot_description/share/qrcode_mazebot_description//models/qr_code_maze/left.png
[0.941s] -- Installing: /home/ben-may/ros_workspaces/qrcode_mazebot_ws/install/qrcode_mazebot_description/share/qrcode_mazebot_description//models/qr_code_maze/qr_code_maze_big.dae
[0.941s] -- Installing: /home/ben-may/ros_workspaces/qrcode_mazebot_ws/install/qrcode_mazebot_description/share/ament_index/resource_index/package_run_dependencies/qrcode_mazebot_description
[0.941s] -- Installing: /home/ben-may/ros_workspaces/qrcode_mazebot_ws/install/qrcode_mazebot_description/share/ament_index/resource_index/parent_prefix_path/qrcode_mazebot_description
[0.941s] -- Installing: /home/ben-may/ros_workspaces/qrcode_mazebot_ws/install/qrcode_mazebot_description/share/qrcode_mazebot_description/environment/ament_prefix_path.sh
[0.941s] -- Installing: /home/ben-may/ros_workspaces/qrcode_mazebot_ws/install/qrcode_mazebot_description/share/qrcode_mazebot_description/environment/ament_prefix_path.dsv
[0.941s] -- Installing: /home/ben-may/ros_workspaces/qrcode_mazebot_ws/install/qrcode_mazebot_description/share/qrcode_mazebot_description/environment/path.sh
[0.942s] -- Installing: /home/ben-may/ros_workspaces/qrcode_mazebot_ws/install/qrcode_mazebot_description/share/qrcode_mazebot_description/environment/path.dsv
[0.942s] -- Installing: /home/ben-may/ros_workspaces/qrcode_mazebot_ws/install/qrcode_mazebot_description/share/qrcode_mazebot_description/local_setup.bash
[0.942s] -- Installing: /home/ben-may/ros_workspaces/qrcode_mazebot_ws/install/qrcode_mazebot_description/share/qrcode_mazebot_description/local_setup.sh
[0.942s] -- Installing: /home/ben-may/ros_workspaces/qrcode_mazebot_ws/install/qrcode_mazebot_description/share/qrcode_mazebot_description/local_setup.zsh
[0.942s] -- Installing: /home/ben-may/ros_workspaces/qrcode_mazebot_ws/install/qrcode_mazebot_description/share/qrcode_mazebot_description/local_setup.dsv
[0.942s] -- Installing: /home/ben-may/ros_workspaces/qrcode_mazebot_ws/install/qrcode_mazebot_description/share/qrcode_mazebot_description/package.dsv
[0.942s] -- Installing: /home/ben-may/ros_workspaces/qrcode_mazebot_ws/install/qrcode_mazebot_description/share/ament_index/resource_index/packages/qrcode_mazebot_description
[0.943s] -- Installing: /home/ben-may/ros_workspaces/qrcode_mazebot_ws/install/qrcode_mazebot_description/share/qrcode_mazebot_description/cmake/qrcode_mazebot_descriptionConfig.cmake
[0.943s] -- Installing: /home/ben-may/ros_workspaces/qrcode_mazebot_ws/install/qrcode_mazebot_description/share/qrcode_mazebot_description/cmake/qrcode_mazebot_descriptionConfig-version.cmake
[0.943s] -- Installing: /home/ben-may/ros_workspaces/qrcode_mazebot_ws/install/qrcode_mazebot_description/share/qrcode_mazebot_description/package.xml
[0.944s] Invoked command in '/home/ben-may/ros_workspaces/qrcode_mazebot_ws/build/qrcode_mazebot_description' returned '0': CMAKE_PREFIX_PATH=${CMAKE_PREFIX_PATH}:/home/ben-may/ros_workspaces/luqman_course_ws/install/vision_rpi_bot:/opt/ros/jazzy DEBUGINFOD_URLS=https://debuginfod.ubuntu.com /usr/bin/cmake --install /home/ben-may/ros_workspaces/qrcode_mazebot_ws/build/qrcode_mazebot_description
