-- Install configuration: ""
-- Up-to-date: /home/ben-may/ros_workspaces/qrcode_mazebot_ws/install/qrcode_mazebot_description/share/qrcode_mazebot_description//launch
-- Up-to-date: /home/ben-may/ros_workspaces/qrcode_mazebot_ws/install/qrcode_mazebot_description/share/qrcode_mazebot_description//launch/gz_empty.launch.py
-- Up-to-date: /home/ben-may/ros_workspaces/qrcode_mazebot_ws/install/qrcode_mazebot_description/share/qrcode_mazebot_description//launch/gz_custom.launch.py
-- Up-to-date: /home/ben-may/ros_workspaces/qrcode_mazebot_ws/install/qrcode_mazebot_description/share/qrcode_mazebot_description//assets
-- Up-to-date: /home/ben-may/ros_workspaces/qrcode_mazebot_ws/install/qrcode_mazebot_description/share/qrcode_mazebot_description//assets/wheel.part
-- Up-to-date: /home/ben-may/ros_workspaces/qrcode_mazebot_ws/install/qrcode_mazebot_description/share/qrcode_mazebot_description//assets/chassis.stl
-- Up-to-date: /home/ben-may/ros_workspaces/qrcode_mazebot_ws/install/qrcode_mazebot_description/share/qrcode_mazebot_description//assets/chassis.part
-- Up-to-date: /home/ben-may/ros_workspaces/qrcode_mazebot_ws/install/qrcode_mazebot_description/share/qrcode_mazebot_description//assets/camera.stl
-- Up-to-date: /home/ben-may/ros_workspaces/qrcode_mazebot_ws/install/qrcode_mazebot_description/share/qrcode_mazebot_description//assets/lidar.part
-- Up-to-date: /home/ben-may/ros_workspaces/qrcode_mazebot_ws/install/qrcode_mazebot_description/share/qrcode_mazebot_description//assets/wheel.stl
-- Up-to-date: /home/ben-may/ros_workspaces/qrcode_mazebot_ws/install/qrcode_mazebot_description/share/qrcode_mazebot_description//assets/camera.part
-- Up-to-date: /home/ben-may/ros_workspaces/qrcode_mazebot_ws/install/qrcode_mazebot_description/share/qrcode_mazebot_description//assets/lidar.stl
-- Up-to-date: /home/ben-may/ros_workspaces/qrcode_mazebot_ws/install/qrcode_mazebot_description/share/qrcode_mazebot_description//urdf
-- Up-to-date: /home/ben-may/ros_workspaces/qrcode_mazebot_ws/install/qrcode_mazebot_description/share/qrcode_mazebot_description//urdf/modules
-- Up-to-date: /home/ben-may/ros_workspaces/qrcode_mazebot_ws/install/qrcode_mazebot_description/share/qrcode_mazebot_description//urdf/modules/lidar.xacro
-- Up-to-date: /home/ben-may/ros_workspaces/qrcode_mazebot_ws/install/qrcode_mazebot_description/share/qrcode_mazebot_description//urdf/modules/camera.xacro
-- Up-to-date: /home/ben-may/ros_workspaces/qrcode_mazebot_ws/install/qrcode_mazebot_description/share/qrcode_mazebot_description//urdf/modules/chassis_and_wheels.xacro
-- Up-to-date: /home/ben-may/ros_workspaces/qrcode_mazebot_ws/install/qrcode_mazebot_description/share/qrcode_mazebot_description//urdf/xacro_properties
-- Up-to-date: /home/ben-may/ros_workspaces/qrcode_mazebot_ws/install/qrcode_mazebot_description/share/qrcode_mazebot_description//urdf/xacro_properties/xacro_properties.xacro
-- Up-to-date: /home/ben-may/ros_workspaces/qrcode_mazebot_ws/install/qrcode_mazebot_description/share/qrcode_mazebot_description//urdf/gazebo_tags
-- Up-to-date: /home/ben-may/ros_workspaces/qrcode_mazebot_ws/install/qrcode_mazebot_description/share/qrcode_mazebot_description//urdf/gazebo_tags/gazebo_plugins.xacro
-- Up-to-date: /home/ben-may/ros_workspaces/qrcode_mazebot_ws/install/qrcode_mazebot_description/share/qrcode_mazebot_description//urdf/gazebo_tags/gazebo_properties.xacro
-- Up-to-date: /home/ben-may/ros_workspaces/qrcode_mazebot_ws/install/qrcode_mazebot_description/share/qrcode_mazebot_description//urdf/robot.urdf.xacro
-- Up-to-date: /home/ben-may/ros_workspaces/qrcode_mazebot_ws/install/qrcode_mazebot_description/share/qrcode_mazebot_description//yaml
-- Up-to-date: /home/ben-may/ros_workspaces/qrcode_mazebot_ws/install/qrcode_mazebot_description/share/qrcode_mazebot_description//yaml/gazebo_bridge.yaml
-- Up-to-date: /home/ben-may/ros_workspaces/qrcode_mazebot_ws/install/qrcode_mazebot_description/share/qrcode_mazebot_description//worlds
-- Up-to-date: /home/ben-may/ros_workspaces/qrcode_mazebot_ws/install/qrcode_mazebot_description/share/qrcode_mazebot_description//worlds/qr_code_maze_big_world.sdf
-- Up-to-date: /home/ben-may/ros_workspaces/qrcode_mazebot_ws/install/qrcode_mazebot_description/share/qrcode_mazebot_description//rviz
-- Up-to-date: /home/ben-may/ros_workspaces/qrcode_mazebot_ws/install/qrcode_mazebot_description/share/qrcode_mazebot_description//rviz/config_with-Lidar-and-Camera.rviz
-- Up-to-date: /home/ben-may/ros_workspaces/qrcode_mazebot_ws/install/qrcode_mazebot_description/share/qrcode_mazebot_description//models
-- Up-to-date: /home/ben-may/ros_workspaces/qrcode_mazebot_ws/install/qrcode_mazebot_description/share/qrcode_mazebot_description//models/qr_code_maze
-- Up-to-date: /home/ben-may/ros_workspaces/qrcode_mazebot_ws/install/qrcode_mazebot_description/share/qrcode_mazebot_description//models/qr_code_maze/right.png
-- Up-to-date: /home/ben-may/ros_workspaces/qrcode_mazebot_ws/install/qrcode_mazebot_description/share/qrcode_mazebot_description//models/qr_code_maze/stop.png
-- Up-to-date: /home/ben-may/ros_workspaces/qrcode_mazebot_ws/install/qrcode_mazebot_description/share/qrcode_mazebot_description//models/qr_code_maze/left.png
-- Up-to-date: /home/ben-may/ros_workspaces/qrcode_mazebot_ws/install/qrcode_mazebot_description/share/qrcode_mazebot_description//models/qr_code_maze/qr_code_maze_big.dae
-- Up-to-date: /home/ben-may/ros_workspaces/qrcode_mazebot_ws/install/qrcode_mazebot_description/share/ament_index/resource_index/package_run_dependencies/qrcode_mazebot_description
-- Up-to-date: /home/ben-may/ros_workspaces/qrcode_mazebot_ws/install/qrcode_mazebot_description/share/ament_index/resource_index/parent_prefix_path/qrcode_mazebot_description
-- Up-to-date: /home/ben-may/ros_workspaces/qrcode_mazebot_ws/install/qrcode_mazebot_description/share/qrcode_mazebot_description/environment/ament_prefix_path.sh
-- Up-to-date: /home/ben-may/ros_workspaces/qrcode_mazebot_ws/install/qrcode_mazebot_description/share/qrcode_mazebot_description/environment/ament_prefix_path.dsv
-- Up-to-date: /home/ben-may/ros_workspaces/qrcode_mazebot_ws/install/qrcode_mazebot_description/share/qrcode_mazebot_description/environment/path.sh
-- Up-to-date: /home/ben-may/ros_workspaces/qrcode_mazebot_ws/install/qrcode_mazebot_description/share/qrcode_mazebot_description/environment/path.dsv
-- Up-to-date: /home/ben-may/ros_workspaces/qrcode_mazebot_ws/install/qrcode_mazebot_description/share/qrcode_mazebot_description/local_setup.bash
-- Up-to-date: /home/ben-may/ros_workspaces/qrcode_mazebot_ws/install/qrcode_mazebot_description/share/qrcode_mazebot_description/local_setup.sh
-- Up-to-date: /home/ben-may/ros_workspaces/qrcode_mazebot_ws/install/qrcode_mazebot_description/share/qrcode_mazebot_description/local_setup.zsh
-- Up-to-date: /home/ben-may/ros_workspaces/qrcode_mazebot_ws/install/qrcode_mazebot_description/share/qrcode_mazebot_description/local_setup.dsv
-- Up-to-date: /home/ben-may/ros_workspaces/qrcode_mazebot_ws/install/qrcode_mazebot_description/share/qrcode_mazebot_description/package.dsv
-- Up-to-date: /home/ben-may/ros_workspaces/qrcode_mazebot_ws/install/qrcode_mazebot_description/share/ament_index/resource_index/packages/qrcode_mazebot_description
-- Up-to-date: /home/ben-may/ros_workspaces/qrcode_mazebot_ws/install/qrcode_mazebot_description/share/qrcode_mazebot_description/cmake/qrcode_mazebot_descriptionConfig.cmake
-- Up-to-date: /home/ben-may/ros_workspaces/qrcode_mazebot_ws/install/qrcode_mazebot_description/share/qrcode_mazebot_description/cmake/qrcode_mazebot_descriptionConfig-version.cmake
-- Up-to-date: /home/ben-may/ros_workspaces/qrcode_mazebot_ws/install/qrcode_mazebot_description/share/qrcode_mazebot_description/package.xml
